2023-08-24 10:42:28,290 [Worker-2: Loading available Gradle versions] INFO  o.e.b.c.i.u.g.PublishedGradleVersions - Gradle version information cache is out-of-date. Trying to update.
2023-08-24 10:44:05,464 [Worker-21: Import Getting Started Content] INFO  o.e.m.c.i.l.LifecycleMappingFactory - Using org.eclipse.m2e.jdt.JarLifecycleMapping lifecycle mapping for MavenProject: com.aashish22bansal.junit:MVCExampleTestingApplication:0.0.1 @ E:\Practice\Java\JUnit\MVCExampleTestingApplication\pom.xml.
2023-08-24 10:44:09,301 [Worker-21: Import Getting Started Content] INFO  o.e.m.j.i.AbstractJavaProjectConfigurator - Adding source folder /MVCExampleTestingApplication/src/main/java
2023-08-24 10:44:09,302 [Worker-21: Import Getting Started Content] INFO  o.e.m.j.i.AbstractJavaProjectConfigurator - Adding resource folder /MVCExampleTestingApplication/src/main/resources
2023-08-24 10:44:09,319 [Worker-21: Import Getting Started Content] INFO  o.e.m.j.i.AbstractJavaProjectConfigurator - Adding resource folder /MVCExampleTestingApplication/src/main/resources
2023-08-24 10:44:09,339 [Worker-21: Import Getting Started Content] INFO  o.e.m.j.i.AbstractJavaProjectConfigurator - Adding source folder /MVCExampleTestingApplication/src/test/java
2023-08-24 10:44:11,943 [Worker-21: Import Getting Started Content] INFO  o.e.m.c.i.p.ProjectConfigurationManager - Imported and configured 1 project(s) in 10 sec
2023-08-24 10:44:11,948 [Worker-21: Import Getting Started Content] INFO  o.e.m.c.i.p.ProjectConfigurationManager - Update started
2023-08-24 10:44:12,245 [Worker-21: Import Getting Started Content] INFO  o.e.m.c.i.l.LifecycleMappingFactory - Using org.eclipse.m2e.jdt.JarLifecycleMapping lifecycle mapping for MavenProject: com.aashish22bansal.junit:MVCExampleTestingApplication:0.0.1 @ E:\Practice\Java\JUnit\MVCExampleTestingApplication\pom.xml.
2023-08-24 10:44:12,650 [Worker-21: Import Getting Started Content] INFO  o.e.m.j.i.AbstractJavaProjectConfigurator - Adding source folder /MVCExampleTestingApplication/src/main/java
2023-08-24 10:44:12,651 [Worker-21: Import Getting Started Content] INFO  o.e.m.j.i.AbstractJavaProjectConfigurator - Adding resource folder /MVCExampleTestingApplication/src/main/resources
2023-08-24 10:44:12,651 [Worker-21: Import Getting Started Content] INFO  o.e.m.j.i.AbstractJavaProjectConfigurator - Adding resource folder /MVCExampleTestingApplication/src/main/resources
2023-08-24 10:44:12,652 [Worker-21: Import Getting Started Content] INFO  o.e.m.j.i.AbstractJavaProjectConfigurator - Adding source folder /MVCExampleTestingApplication/src/test/java
2023-08-24 10:44:13,233 [Worker-21: Import Getting Started Content] INFO  o.e.m.c.i.p.ProjectConfigurationManager - Update completed for 1 poms: local refresh takes 0.00 sec, refresh facades takes 0.00 sec, update config takes 0.00 sec 
2023-08-24 10:44:14,007 [Worker-25: Building] INFO  o.a.m.s.f.DefaultMavenResourcesFiltering - Copying 1 resource from src\main\resources to target\classes
2023-08-24 10:44:14,032 [Worker-25: Building] INFO  o.a.m.s.f.DefaultMavenResourcesFiltering - Copying 0 resource from src\main\resources to target\classes
2023-08-24 10:44:14,036 [Worker-25: Building] INFO  o.a.m.s.f.DefaultMavenResourcesFiltering - skip non existing resourceDirectory E:\Practice\Java\JUnit\MVCExampleTestingApplication\src\test\resources
2023-08-24 10:46:05,380 [Worker-7: Building] INFO  o.a.m.s.f.DefaultMavenResourcesFiltering - Copying 1 resource from src\main\resources to target\classes
2023-08-24 10:46:05,394 [Worker-7: Building] INFO  o.a.m.s.f.DefaultMavenResourcesFiltering - Copying 0 resource from src\main\resources to target\classes
2023-08-24 10:46:05,402 [Worker-7: Building] INFO  o.a.m.s.f.DefaultMavenResourcesFiltering - skip non existing resourceDirectory E:\Practice\Java\JUnit\MVCExampleTestingApplication\src\test\resources
